[2026-03-23T10:14:19.919] [INFO] default - server is running on 4545 🚀🚀🚀
[2026-03-23T10:14:35.907] [INFO] default - Mongodb connected: ac-l0m6pej-shard-00-02.rauve6d.mongodb.net
<<<<<<< HEAD
[2026-03-24T12:46:29.257] [INFO] default - server is running on 4545 🚀🚀🚀
[2026-03-24T12:46:45.184] [INFO] default - Mongodb connected: ac-l0m6pej-shard-00-00.rauve6d.mongodb.net
[2026-03-24T16:47:11.231] [INFO] default - server is running on 4545 🚀🚀🚀
[2026-03-24T16:47:16.990] [INFO] default - Mongodb connected: ac-l0m6pej-shard-00-02.rauve6d.mongodb.net
[2026-03-24T18:50:44.126] [INFO] default - server is running on 4545 🚀🚀🚀
[2026-03-24T18:50:48.084] [INFO] default - Mongodb connected: ac-l0m6pej-shard-00-01.rauve6d.mongodb.net
[2026-03-24T18:59:01.040] [INFO] default - server is running on 4545 🚀🚀🚀
[2026-03-24T18:59:04.807] [INFO] default - Mongodb connected: ac-l0m6pej-shard-00-01.rauve6d.mongodb.net
[2026-03-24T20:56:14.541] [INFO] default - server is running on 4545 🚀🚀🚀
[2026-03-24T20:56:18.123] [INFO] default - Mongodb connected: ac-l0m6pej-shard-00-02.rauve6d.mongodb.net
=======
[2026-03-23T14:23:41.505] [INFO] default - server is running on 4545 🚀🚀🚀
[2026-03-23T14:24:13.881] [ERROR] default - Error: Server selection timed out after 30000 ms
[2026-03-23T14:24:25.593] [INFO] default - server is running on 4545 🚀🚀🚀
[2026-03-23T14:24:44.590] [INFO] default - Mongodb connected: ac-l0m6pej-shard-00-02.rauve6d.mongodb.net
<<<<<<< HEAD
[2026-03-25T10:13:20.203] [INFO] default - server is running on 4545 🚀🚀🚀
[2026-03-25T10:13:28.215] [INFO] default - Mongodb connected: ac-l0m6pej-shard-00-00.rauve6d.mongodb.net
[2026-03-25T10:34:07.048] [INFO] default - server is running on 4545 🚀🚀🚀
[2026-03-25T10:34:24.743] [INFO] default - Mongodb connected: ac-l0m6pej-shard-00-00.rauve6d.mongodb.net
[2026-03-25T13:55:33.095] [INFO] default - server is running on 4545 🚀🚀🚀
[2026-03-25T13:55:49.218] [INFO] default - Mongodb connected: ac-l0m6pej-shard-00-00.rauve6d.mongodb.net
[2026-03-25T14:00:25.840] [INFO] default - server is running on 4545 🚀🚀🚀
[2026-03-25T14:01:01.739] [INFO] default - Mongodb connected: ac-l0m6pej-shard-00-00.rauve6d.mongodb.net
[2026-03-25T14:19:59.947] [INFO] default - server is running on 4545 🚀🚀🚀
[2026-03-25T14:20:13.440] [INFO] default - Mongodb connected: ac-l0m6pej-shard-00-00.rauve6d.mongodb.net
[2026-03-25T14:23:49.111] [INFO] default - server is running on 4545 🚀🚀🚀
[2026-03-25T14:24:01.902] [INFO] default - Mongodb connected: ac-l0m6pej-shard-00-00.rauve6d.mongodb.net
[2026-03-25T14:28:57.071] [INFO] default - server is running on 4545 🚀🚀🚀
[2026-03-25T14:29:09.898] [INFO] default - Mongodb connected: ac-l0m6pej-shard-00-00.rauve6d.mongodb.net
[2026-03-25T15:12:15.259] [INFO] default - server is running on 4545 🚀🚀🚀
[2026-03-25T15:12:27.036] [INFO] default - Mongodb connected: ac-l0m6pej-shard-00-00.rauve6d.mongodb.net
[2026-03-25T15:19:12.926] [INFO] default - server is running on 4545 🚀🚀🚀
[2026-03-25T15:19:25.047] [INFO] default - Mongodb connected: ac-l0m6pej-shard-00-00.rauve6d.mongodb.net
[2026-03-25T15:21:46.734] [INFO] default - server is running on 4545 🚀🚀🚀
[2026-03-25T15:21:50.339] [INFO] default - Mongodb connected: ac-l0m6pej-shard-00-02.rauve6d.mongodb.net
[2026-03-25T15:22:28.778] [INFO] default - server is running on 4545 🚀🚀🚀
[2026-03-25T15:22:31.176] [INFO] default - Mongodb connected: ac-l0m6pej-shard-00-02.rauve6d.mongodb.net
[2026-03-25T16:30:47.218] [INFO] default - server is running on 4545 🚀🚀🚀
[2026-03-25T16:31:03.431] [INFO] default - Mongodb connected: ac-l0m6pej-shard-00-00.rauve6d.mongodb.net
[2026-03-25T22:36:49.924] [INFO] default - server is running on 4545 🚀🚀🚀
[2026-03-25T22:36:59.474] [INFO] default - Mongodb connected: ac-l0m6pej-shard-00-00.rauve6d.mongodb.net
[2026-03-25T22:43:09.528] [INFO] default - server is running on 4545 🚀🚀🚀
[2026-03-25T22:43:14.411] [INFO] default - Mongodb connected: ac-l0m6pej-shard-00-00.rauve6d.mongodb.net
[2026-03-25T22:46:42.192] [INFO] default - server is running on 4545 🚀🚀🚀
[2026-03-25T22:46:48.652] [INFO] default - Mongodb connected: ac-l0m6pej-shard-00-00.rauve6d.mongodb.net
[2026-03-25T22:56:02.301] [INFO] default - server is running on 4545 🚀🚀🚀
[2026-03-25T22:56:08.387] [INFO] default - Mongodb connected: ac-l0m6pej-shard-00-00.rauve6d.mongodb.net
[2026-03-25T22:58:38.950] [INFO] default - server is running on 4545 🚀🚀🚀
[2026-03-25T22:58:44.282] [INFO] default - server is running on 4545 🚀🚀🚀
[2026-03-25T22:58:49.336] [INFO] default - Mongodb connected: ac-l0m6pej-shard-00-00.rauve6d.mongodb.net
[2026-03-25T23:02:59.270] [INFO] default - server is running on 4545 🚀🚀🚀
[2026-03-25T23:03:03.882] [INFO] default - Mongodb connected: ac-l0m6pej-shard-00-00.rauve6d.mongodb.net
[2026-03-25T23:06:27.368] [INFO] default - server is running on 4545 🚀🚀🚀
[2026-03-25T23:06:32.624] [INFO] default - Mongodb connected: ac-l0m6pej-shard-00-00.rauve6d.mongodb.net
[2026-03-25T23:10:11.708] [INFO] default - server is running on 4545 🚀🚀🚀
[2026-03-25T23:10:15.713] [INFO] default - Mongodb connected: ac-l0m6pej-shard-00-00.rauve6d.mongodb.net
[2026-03-25T23:16:21.998] [INFO] default - server is running on 4545 🚀🚀🚀
[2026-03-25T23:16:30.740] [INFO] default - Mongodb connected: ac-l0m6pej-shard-00-00.rauve6d.mongodb.net
[2026-03-25T23:19:01.923] [INFO] default - server is running on 4545 🚀🚀🚀
[2026-03-25T23:19:12.754] [INFO] default - server is running on 4545 🚀🚀🚀
[2026-03-25T23:19:17.493] [INFO] default - Mongodb connected: ac-l0m6pej-shard-00-00.rauve6d.mongodb.net
[2026-03-25T23:38:41.501] [INFO] default - server is running on 4545 🚀🚀🚀
[2026-03-25T23:38:44.750] [INFO] default - server is running on 4545 🚀🚀🚀
[2026-03-25T23:38:46.608] [INFO] default - server is running on 4545 🚀🚀🚀
[2026-03-25T23:38:52.426] [INFO] default - server is running on 4545 🚀🚀🚀
[2026-03-25T23:38:55.594] [INFO] default - Mongodb connected: ac-l0m6pej-shard-00-00.rauve6d.mongodb.net
[2026-03-25T23:39:02.966] [INFO] default - server is running on 4545 🚀🚀🚀
[2026-03-25T23:39:04.902] [INFO] default - server is running on 4545 🚀🚀🚀
[2026-03-25T23:39:07.002] [INFO] default - server is running on 4545 🚀🚀🚀
[2026-03-25T23:39:09.303] [INFO] default - Mongodb connected: ac-l0m6pej-shard-00-00.rauve6d.mongodb.net
[2026-03-25T23:39:15.306] [INFO] default - server is running on 4545 🚀🚀🚀
[2026-03-25T23:39:18.513] [INFO] default - server is running on 4545 🚀🚀🚀
[2026-03-25T23:39:20.941] [INFO] default - Mongodb connected: ac-l0m6pej-shard-00-00.rauve6d.mongodb.net
[2026-03-25T23:39:22.927] [INFO] default - server is running on 4545 🚀🚀🚀
[2026-03-25T23:39:25.201] [INFO] default - Mongodb connected: ac-l0m6pej-shard-00-00.rauve6d.mongodb.net
[2026-03-25T23:39:37.011] [INFO] default - server is running on 4545 🚀🚀🚀
[2026-03-25T23:39:39.076] [INFO] default - server is running on 4545 🚀🚀🚀
[2026-03-25T23:39:47.970] [INFO] default - server is running on 4545 🚀🚀🚀
[2026-03-25T23:39:57.924] [INFO] default - server is running on 4545 🚀🚀🚀
[2026-03-25T23:40:02.194] [INFO] default - Mongodb connected: ac-l0m6pej-shard-00-00.rauve6d.mongodb.net
[2026-03-25T23:42:37.520] [INFO] default - server is running on 4545 🚀🚀🚀
[2026-03-25T23:42:41.830] [INFO] default - Mongodb connected: ac-l0m6pej-shard-00-00.rauve6d.mongodb.net
[2026-03-25T23:42:52.840] [INFO] default - server is running on 4545 🚀🚀🚀
[2026-03-25T23:42:55.825] [INFO] default - server is running on 4545 🚀🚀🚀
[2026-03-25T23:42:58.727] [INFO] default - server is running on 4545 🚀🚀🚀
[2026-03-25T23:43:00.759] [INFO] default - Mongodb connected: ac-l0m6pej-shard-00-00.rauve6d.mongodb.net
[2026-03-25T23:43:06.296] [INFO] default - server is running on 4545 🚀🚀🚀
[2026-03-25T23:43:10.402] [INFO] default - server is running on 4545 🚀🚀🚀
[2026-03-25T23:43:12.520] [INFO] default - Mongodb connected: ac-l0m6pej-shard-00-00.rauve6d.mongodb.net
[2026-03-25T23:43:31.911] [INFO] default - server is running on 4545 🚀🚀🚀
[2026-03-25T23:43:37.091] [INFO] default - Mongodb connected: ac-l0m6pej-shard-00-00.rauve6d.mongodb.net
[2026-03-25T23:45:10.684] [INFO] default - server is running on 4545 🚀🚀🚀
[2026-03-25T23:45:15.609] [INFO] default - Mongodb connected: ac-l0m6pej-shard-00-00.rauve6d.mongodb.net
[2026-03-25T23:46:14.738] [INFO] default - server is running on 4545 🚀🚀🚀
[2026-03-25T23:46:19.097] [INFO] default - Mongodb connected: ac-l0m6pej-shard-00-00.rauve6d.mongodb.net
[2026-03-25T23:46:34.549] [INFO] default - server is running on 4545 🚀🚀🚀
[2026-03-25T23:46:39.926] [INFO] default - server is running on 4545 🚀🚀🚀
[2026-03-25T23:46:42.188] [INFO] default - server is running on 4545 🚀🚀🚀
[2026-03-25T23:46:45.438] [INFO] default - server is running on 4545 🚀🚀🚀
[2026-03-25T23:46:48.570] [INFO] default - server is running on 4545 🚀🚀🚀
[2026-03-25T23:46:51.456] [INFO] default - Mongodb connected: ac-l0m6pej-shard-00-00.rauve6d.mongodb.net
[2026-03-25T23:47:08.086] [INFO] default - server is running on 4545 🚀🚀🚀
[2026-03-25T23:47:19.607] [INFO] default - server is running on 4545 🚀🚀🚀
[2026-03-25T23:47:21.558] [INFO] default - server is running on 4545 🚀🚀🚀
[2026-03-25T23:47:29.237] [INFO] default - server is running on 4545 🚀🚀🚀
[2026-03-25T23:47:37.364] [INFO] default - server is running on 4545 🚀🚀🚀
[2026-03-25T23:47:39.380] [INFO] default - server is running on 4545 🚀🚀🚀
[2026-03-25T23:48:18.433] [INFO] default - server is running on 4545 🚀🚀🚀
[2026-03-25T23:48:29.835] [INFO] default - server is running on 4545 🚀🚀🚀
[2026-03-25T23:48:36.933] [INFO] default - server is running on 4545 🚀🚀🚀
[2026-03-25T23:48:39.213] [INFO] default - server is running on 4545 🚀🚀🚀
[2026-03-25T23:48:53.704] [INFO] default - server is running on 4545 🚀🚀🚀
[2026-03-25T23:48:56.561] [INFO] default - server is running on 4545 🚀🚀🚀
[2026-03-25T23:48:58.996] [INFO] default - server is running on 4545 🚀🚀🚀
[2026-03-25T23:49:04.326] [INFO] default - server is running on 4545 🚀🚀🚀
[2026-03-25T23:49:08.073] [INFO] default - server is running on 4545 🚀🚀🚀
[2026-03-25T23:49:11.245] [INFO] default - server is running on 4545 🚀🚀🚀
[2026-03-25T23:49:14.024] [INFO] default - server is running on 4545 🚀🚀🚀
[2026-03-25T23:50:39.151] [INFO] default - server is running on 4545 🚀🚀🚀
[2026-03-25T23:51:03.533] [INFO] default - Mongodb connected: ac-l0m6pej-shard-00-00.rauve6d.mongodb.net
[2026-03-25T23:54:27.777] [INFO] default - server is running on 4545 🚀🚀🚀
[2026-03-25T23:54:44.171] [INFO] default - Mongodb connected: ac-l0m6pej-shard-00-00.rauve6d.mongodb.net
[2026-03-25T23:56:15.623] [INFO] default - server is running on 4545 🚀🚀🚀
[2026-03-25T23:57:20.517] [INFO] default - server is running on 4545 🚀🚀🚀
[2026-03-25T23:57:24.911] [INFO] default - Mongodb connected: ac-l0m6pej-shard-00-00.rauve6d.mongodb.net
[2026-03-25T23:57:38.173] [INFO] default - server is running on 4545 🚀🚀🚀
[2026-03-25T23:58:20.532] [INFO] default - server is running on 4545 🚀🚀🚀
[2026-03-25T23:58:24.693] [INFO] default - Mongodb connected: ac-l0m6pej-shard-00-00.rauve6d.mongodb.net
[2026-03-25T23:58:33.484] [INFO] default - server is running on 4545 🚀🚀🚀
[2026-03-25T23:58:35.990] [INFO] default - server is running on 4545 🚀🚀🚀
[2026-03-25T23:58:39.770] [INFO] default - server is running on 4545 🚀🚀🚀
[2026-03-25T23:58:59.706] [INFO] default - server is running on 4545 🚀🚀🚀
[2026-03-25T23:59:04.825] [INFO] default - server is running on 4545 🚀🚀🚀
[2026-03-25T23:59:08.924] [INFO] default - Mongodb connected: ac-l0m6pej-shard-00-00.rauve6d.mongodb.net
[2026-03-26T00:08:35.144] [INFO] default - server is running on 4545 🚀🚀🚀
[2026-03-26T00:08:39.259] [INFO] default - Mongodb connected: ac-l0m6pej-shard-00-00.rauve6d.mongodb.net
[2026-03-26T00:28:02.927] [INFO] default - server is running on 4545 🚀🚀🚀
[2026-03-26T00:28:17.889] [INFO] default - Mongodb connected: ac-l0m6pej-shard-00-00.rauve6d.mongodb.net
[2026-03-26T00:29:07.596] [INFO] default - server is running on 4545 🚀🚀🚀
[2026-03-26T00:29:11.636] [INFO] default - Mongodb connected: ac-l0m6pej-shard-00-00.rauve6d.mongodb.net
[2026-03-26T00:30:57.442] [INFO] default - server is running on 4545 🚀🚀🚀
[2026-03-26T00:31:01.625] [INFO] default - Mongodb connected: ac-l0m6pej-shard-00-00.rauve6d.mongodb.net
[2026-03-26T00:32:43.182] [INFO] default - server is running on 4545 🚀🚀🚀
[2026-03-26T00:32:47.326] [INFO] default - Mongodb connected: ac-l0m6pej-shard-00-00.rauve6d.mongodb.net
[2026-03-26T00:33:02.692] [INFO] default - server is running on 4545 🚀🚀🚀
[2026-03-26T00:33:05.888] [INFO] default - server is running on 4545 🚀🚀🚀
[2026-03-26T00:33:08.055] [INFO] default - Mongodb connected: ac-l0m6pej-shard-00-00.rauve6d.mongodb.net
[2026-03-26T00:33:55.902] [INFO] default - server is running on 4545 🚀🚀🚀
[2026-03-26T00:33:57.800] [INFO] default - server is running on 4545 🚀🚀🚀
[2026-03-26T00:34:00.284] [INFO] default - Mongodb connected: ac-l0m6pej-shard-00-00.rauve6d.mongodb.net
[2026-03-26T00:36:13.351] [INFO] default - server is running on 4545 🚀🚀🚀
[2026-03-26T00:36:17.717] [INFO] default - Mongodb connected: ac-l0m6pej-shard-00-00.rauve6d.mongodb.net
[2026-03-26T00:36:28.616] [INFO] default - server is running on 4545 🚀🚀🚀
[2026-03-26T00:36:32.707] [INFO] default - Mongodb connected: ac-l0m6pej-shard-00-00.rauve6d.mongodb.net
[2026-03-26T00:36:55.851] [INFO] default - server is running on 4545 🚀🚀🚀
[2026-03-26T00:36:57.976] [INFO] default - Mongodb connected: ac-l0m6pej-shard-00-00.rauve6d.mongodb.net
[2026-03-26T00:37:02.489] [INFO] default - server is running on 4545 🚀🚀🚀
[2026-03-26T00:37:05.871] [INFO] default - server is running on 4545 🚀🚀🚀
[2026-03-26T00:37:22.036] [INFO] default - Mongodb connected: ac-l0m6pej-shard-00-00.rauve6d.mongodb.net
[2026-03-26T00:37:32.412] [INFO] default - server is running on 4545 🚀🚀🚀
[2026-03-26T00:37:37.660] [INFO] default - server is running on 4545 🚀🚀🚀
[2026-03-26T00:37:40.013] [INFO] default - Mongodb connected: ac-l0m6pej-shard-00-00.rauve6d.mongodb.net
[2026-03-26T00:37:45.475] [INFO] default - server is running on 4545 🚀🚀🚀
[2026-03-26T00:37:47.925] [INFO] default - Mongodb connected: ac-l0m6pej-shard-00-00.rauve6d.mongodb.net
[2026-03-26T00:37:58.700] [INFO] default - server is running on 4545 🚀🚀🚀
[2026-03-26T00:38:00.955] [INFO] default - Mongodb connected: ac-l0m6pej-shard-00-00.rauve6d.mongodb.net
[2026-03-26T00:38:06.567] [INFO] default - server is running on 4545 🚀🚀🚀
[2026-03-26T00:38:11.156] [INFO] default - Mongodb connected: ac-l0m6pej-shard-00-00.rauve6d.mongodb.net
[2026-03-26T00:38:16.425] [INFO] default - server is running on 4545 🚀🚀🚀
[2026-03-26T00:38:18.783] [INFO] default - server is running on 4545 🚀🚀🚀
[2026-03-26T00:38:22.767] [INFO] default - server is running on 4545 🚀🚀🚀
[2026-03-26T00:38:25.012] [INFO] default - Mongodb connected: ac-l0m6pej-shard-00-00.rauve6d.mongodb.net
[2026-03-26T00:39:11.981] [INFO] default - server is running on 4545 🚀🚀🚀
[2026-03-26T00:39:16.542] [INFO] default - Mongodb connected: ac-l0m6pej-shard-00-00.rauve6d.mongodb.net
[2026-03-26T00:40:46.092] [INFO] default - server is running on 4545 🚀🚀🚀
[2026-03-26T00:40:50.907] [INFO] default - Mongodb connected: ac-l0m6pej-shard-00-00.rauve6d.mongodb.net
[2026-03-26T00:41:22.944] [INFO] default - server is running on 4545 🚀🚀🚀
[2026-03-26T00:41:25.824] [INFO] default - Mongodb connected: ac-l0m6pej-shard-00-00.rauve6d.mongodb.net
[2026-03-26T00:42:15.380] [INFO] default - server is running on 4545 🚀🚀🚀
[2026-03-26T00:42:20.199] [INFO] default - Mongodb connected: ac-l0m6pej-shard-00-00.rauve6d.mongodb.net
[2026-03-26T00:42:48.100] [INFO] default - server is running on 4545 🚀🚀🚀
[2026-03-26T00:42:52.667] [INFO] default - Mongodb connected: ac-l0m6pej-shard-00-00.rauve6d.mongodb.net
[2026-03-26T00:44:12.416] [INFO] default - server is running on 4545 🚀🚀🚀
[2026-03-26T00:44:22.067] [INFO] default - server is running on 4545 🚀🚀🚀
[2026-03-26T00:44:27.219] [INFO] default - server is running on 4545 🚀🚀🚀
[2026-03-26T00:44:32.225] [INFO] default - server is running on 4545 🚀🚀🚀
[2026-03-26T00:44:34.711] [INFO] default - Mongodb connected: ac-l0m6pej-shard-00-00.rauve6d.mongodb.net
[2026-03-26T00:44:41.878] [INFO] default - server is running on 4545 🚀🚀🚀
[2026-03-26T00:44:46.980] [INFO] default - server is running on 4545 🚀🚀🚀
[2026-03-26T00:44:49.298] [INFO] default - Mongodb connected: ac-l0m6pej-shard-00-00.rauve6d.mongodb.net
[2026-03-26T00:44:59.542] [INFO] default - server is running on 4545 🚀🚀🚀
[2026-03-26T00:45:01.881] [INFO] default - Mongodb connected: ac-l0m6pej-shard-00-00.rauve6d.mongodb.net
[2026-03-26T00:45:36.965] [INFO] default - server is running on 4545 🚀🚀🚀
[2026-03-26T00:45:41.523] [INFO] default - Mongodb connected: ac-l0m6pej-shard-00-00.rauve6d.mongodb.net
[2026-03-26T00:45:48.303] [INFO] default - server is running on 4545 🚀🚀🚀
[2026-03-26T00:45:53.049] [INFO] default - Mongodb connected: ac-l0m6pej-shard-00-00.rauve6d.mongodb.net
[2026-03-26T00:51:32.121] [INFO] default - server is running on 4545 🚀🚀🚀
[2026-03-26T00:51:36.725] [INFO] default - Mongodb connected: ac-l0m6pej-shard-00-00.rauve6d.mongodb.net
[2026-03-26T00:53:52.088] [INFO] default - server is running on 4545 🚀🚀🚀
[2026-03-26T00:53:56.395] [INFO] default - Mongodb connected: ac-l0m6pej-shard-00-00.rauve6d.mongodb.net
[2026-03-26T00:56:56.268] [INFO] default - server is running on 4545 🚀🚀🚀
[2026-03-26T00:57:01.528] [INFO] default - Mongodb connected: ac-l0m6pej-shard-00-00.rauve6d.mongodb.net
[2026-03-26T00:57:05.518] [INFO] default - server is running on 4545 🚀🚀🚀
[2026-03-26T00:57:07.966] [INFO] default - Mongodb connected: ac-l0m6pej-shard-00-00.rauve6d.mongodb.net
[2026-03-26T00:57:28.436] [INFO] default - server is running on 4545 🚀🚀🚀
[2026-03-26T00:57:36.044] [INFO] default - server is running on 4545 🚀🚀🚀
[2026-03-26T00:57:40.987] [INFO] default - server is running on 4545 🚀🚀🚀
[2026-03-26T00:57:43.677] [INFO] default - Mongodb connected: ac-l0m6pej-shard-00-00.rauve6d.mongodb.net
[2026-03-26T00:58:29.573] [INFO] default - server is running on 4545 🚀🚀🚀
[2026-03-26T00:58:39.883] [INFO] default - server is running on 4545 🚀🚀🚀
[2026-03-26T00:58:44.594] [INFO] default - Mongodb connected: ac-l0m6pej-shard-00-00.rauve6d.mongodb.net
[2026-03-26T00:59:02.635] [INFO] default - server is running on 4545 🚀🚀🚀
[2026-03-26T00:59:06.962] [INFO] default - Mongodb connected: ac-l0m6pej-shard-00-00.rauve6d.mongodb.net
[2026-03-26T00:59:18.222] [INFO] default - server is running on 4545 🚀🚀🚀
[2026-03-26T00:59:23.381] [INFO] default - server is running on 4545 🚀🚀🚀
[2026-03-26T00:59:25.732] [INFO] default - Mongodb connected: ac-l0m6pej-shard-00-00.rauve6d.mongodb.net
[2026-03-26T00:59:52.622] [INFO] default - server is running on 4545 🚀🚀🚀
[2026-03-26T00:59:57.566] [INFO] default - Mongodb connected: ac-l0m6pej-shard-00-00.rauve6d.mongodb.net
[2026-03-26T01:00:02.533] [INFO] default - server is running on 4545 🚀🚀🚀
[2026-03-26T01:00:08.661] [INFO] default - server is running on 4545 🚀🚀🚀
[2026-03-26T01:00:11.604] [INFO] default - Mongodb connected: ac-l0m6pej-shard-00-00.rauve6d.mongodb.net
[2026-03-26T01:00:22.475] [INFO] default - server is running on 4545 🚀🚀🚀
[2026-03-26T01:00:27.552] [INFO] default - Mongodb connected: ac-l0m6pej-shard-00-00.rauve6d.mongodb.net
[2026-03-26T01:01:05.094] [INFO] default - server is running on 4545 🚀🚀🚀
[2026-03-26T01:01:10.472] [INFO] default - server is running on 4545 🚀🚀🚀
[2026-03-26T01:01:18.716] [INFO] default - server is running on 4545 🚀🚀🚀
[2026-03-26T01:01:22.160] [INFO] default - server is running on 4545 🚀🚀🚀
[2026-03-26T01:01:24.750] [INFO] default - Mongodb connected: ac-l0m6pej-shard-00-00.rauve6d.mongodb.net
[2026-03-26T01:01:57.773] [INFO] default - server is running on 4545 🚀🚀🚀
[2026-03-26T01:02:07.801] [INFO] default - server is running on 4545 🚀🚀🚀
[2026-03-26T01:02:12.821] [INFO] default - Mongodb connected: ac-l0m6pej-shard-00-00.rauve6d.mongodb.net
[2026-03-26T01:02:25.242] [INFO] default - server is running on 4545 🚀🚀🚀
[2026-03-26T01:02:34.265] [INFO] default - Mongodb connected: ac-l0m6pej-shard-00-00.rauve6d.mongodb.net
[2026-03-26T01:02:45.046] [INFO] default - server is running on 4545 🚀🚀🚀
[2026-03-26T01:02:50.751] [INFO] default - Mongodb connected: ac-l0m6pej-shard-00-00.rauve6d.mongodb.net
[2026-03-26T01:03:05.918] [INFO] default - server is running on 4545 🚀🚀🚀
[2026-03-26T01:03:08.790] [INFO] default - Mongodb connected: ac-l0m6pej-shard-00-00.rauve6d.mongodb.net
[2026-03-26T01:03:19.346] [INFO] default - server is running on 4545 🚀🚀🚀
[2026-03-26T01:03:22.011] [INFO] default - Mongodb connected: ac-l0m6pej-shard-00-00.rauve6d.mongodb.net
[2026-03-26T01:03:51.751] [INFO] default - server is running on 4545 🚀🚀🚀
[2026-03-26T01:03:55.354] [INFO] default - server is running on 4545 🚀🚀🚀
[2026-03-26T01:03:59.669] [INFO] default - Mongodb connected: ac-l0m6pej-shard-00-00.rauve6d.mongodb.net
[2026-03-26T01:04:05.051] [INFO] default - server is running on 4545 🚀🚀🚀
[2026-03-26T01:04:07.310] [INFO] default - Mongodb connected: ac-l0m6pej-shard-00-00.rauve6d.mongodb.net
[2026-03-26T01:04:26.421] [INFO] default - server is running on 4545 🚀🚀🚀
[2026-03-26T01:04:29.200] [INFO] default - server is running on 4545 🚀🚀🚀
[2026-03-26T01:04:31.866] [INFO] default - Mongodb connected: ac-l0m6pej-shard-00-00.rauve6d.mongodb.net
[2026-03-26T01:04:53.458] [INFO] default - server is running on 4545 🚀🚀🚀
[2026-03-26T01:04:56.428] [INFO] default - server is running on 4545 🚀🚀🚀
[2026-03-26T01:05:00.028] [INFO] default - server is running on 4545 🚀🚀🚀
[2026-03-26T01:05:03.178] [INFO] default - Mongodb connected: ac-l0m6pej-shard-00-00.rauve6d.mongodb.net
[2026-03-26T01:05:07.975] [INFO] default - server is running on 4545 🚀🚀🚀
[2026-03-26T01:05:14.278] [INFO] default - server is running on 4545 🚀🚀🚀
[2026-03-26T01:05:20.237] [INFO] default - server is running on 4545 🚀🚀🚀
[2026-03-26T01:05:24.412] [INFO] default - server is running on 4545 🚀🚀🚀
[2026-03-26T01:05:32.945] [INFO] default - server is running on 4545 🚀🚀🚀
[2026-03-26T01:05:36.052] [INFO] default - server is running on 4545 🚀🚀🚀
[2026-03-26T01:05:38.808] [INFO] default - Mongodb connected: ac-l0m6pej-shard-00-00.rauve6d.mongodb.net
[2026-03-26T01:05:42.599] [INFO] default - server is running on 4545 🚀🚀🚀
[2026-03-26T01:05:47.120] [INFO] default - server is running on 4545 🚀🚀🚀
[2026-03-26T01:05:51.547] [INFO] default - server is running on 4545 🚀🚀🚀
[2026-03-26T01:05:56.299] [INFO] default - server is running on 4545 🚀🚀🚀
[2026-03-26T01:05:58.641] [INFO] default - Mongodb connected: ac-l0m6pej-shard-00-00.rauve6d.mongodb.net
[2026-03-26T01:06:02.904] [INFO] default - server is running on 4545 🚀🚀🚀
[2026-03-26T01:06:05.368] [INFO] default - Mongodb connected: ac-l0m6pej-shard-00-00.rauve6d.mongodb.net
[2026-03-26T01:06:30.711] [INFO] default - server is running on 4545 🚀🚀🚀
[2026-03-26T01:06:35.344] [INFO] default - Mongodb connected: ac-l0m6pej-shard-00-00.rauve6d.mongodb.net
[2026-03-26T01:06:40.243] [INFO] default - server is running on 4545 🚀🚀🚀
[2026-03-26T01:06:43.259] [INFO] default - Mongodb connected: ac-l0m6pej-shard-00-00.rauve6d.mongodb.net
[2026-03-26T01:06:52.278] [INFO] default - server is running on 4545 🚀🚀🚀
[2026-03-26T01:06:55.122] [INFO] default - Mongodb connected: ac-l0m6pej-shard-00-00.rauve6d.mongodb.net
[2026-03-26T01:07:03.046] [INFO] default - server is running on 4545 🚀🚀🚀
[2026-03-26T01:07:07.418] [INFO] default - server is running on 4545 🚀🚀🚀
[2026-03-26T01:07:11.839] [INFO] default - Mongodb connected: ac-l0m6pej-shard-00-00.rauve6d.mongodb.net
=======
>>>>>>> 38cf752804652c0d659b935f834edee76dd0cee7
>>>>>>> db47c06c4aae7fff2f57b4dd2a958f5590bdcaa9
[2026-03-26T23:17:02.242] [INFO] default - server is running on 4545 🚀🚀🚀
[2026-03-26T23:17:13.607] [INFO] default - Mongodb connected: ac-l0m6pej-shard-00-00.rauve6d.mongodb.net
[2026-03-26T23:20:33.921] [INFO] default - server is running on 4545 🚀🚀🚀
[2026-03-26T23:20:46.251] [INFO] default - Mongodb connected: ac-l0m6pej-shard-00-00.rauve6d.mongodb.net
[2026-03-26T23:22:20.056] [INFO] default - server is running on 4545 🚀🚀🚀
[2026-03-26T23:22:27.682] [INFO] default - server is running on 4545 🚀🚀🚀
[2026-03-26T23:22:30.972] [INFO] default - Mongodb connected: ac-l0m6pej-shard-00-00.rauve6d.mongodb.net
[2026-03-26T23:23:38.239] [INFO] default - server is running on 4545 🚀🚀🚀
[2026-03-26T23:23:42.373] [INFO] default - Mongodb connected: ac-l0m6pej-shard-00-00.rauve6d.mongodb.net
[2026-03-26T23:41:56.076] [INFO] default - server is running on 4545 🚀🚀🚀
[2026-03-26T23:42:00.089] [INFO] default - Mongodb connected: ac-l0m6pej-shard-00-00.rauve6d.mongodb.net
[2026-03-26T23:42:04.800] [INFO] default - server is running on 4545 🚀🚀🚀
[2026-03-26T23:42:13.096] [INFO] default - Mongodb connected: ac-l0m6pej-shard-00-00.rauve6d.mongodb.net
[2026-03-26T23:43:46.379] [INFO] default - server is running on 4545 🚀🚀🚀
[2026-03-26T23:43:50.648] [INFO] default - Mongodb connected: ac-l0m6pej-shard-00-00.rauve6d.mongodb.net
[2026-03-26T23:57:56.119] [INFO] default - server is running on 4545 🚀🚀🚀
[2026-03-26T23:58:07.707] [INFO] default - Mongodb connected: ac-l0m6pej-shard-00-00.rauve6d.mongodb.net
[2026-03-26T23:58:33.776] [INFO] default - server is running on 4545 🚀🚀🚀
[2026-03-26T23:58:40.570] [INFO] default - server is running on 4545 🚀🚀🚀
[2026-03-26T23:58:42.603] [INFO] default - Mongodb connected: ac-l0m6pej-shard-00-00.rauve6d.mongodb.net
[2026-03-27T00:01:33.337] [INFO] default - server is running on 4545 🚀🚀🚀
[2026-03-27T00:01:35.604] [INFO] default - server is running on 4545 🚀🚀🚀
[2026-03-27T00:01:40.346] [INFO] default - Mongodb connected: ac-l0m6pej-shard-00-00.rauve6d.mongodb.net
[2026-03-27T00:04:27.702] [INFO] default - server is running on 4545 🚀🚀🚀
[2026-03-27T00:04:31.979] [INFO] default - Mongodb connected: ac-l0m6pej-shard-00-00.rauve6d.mongodb.net
[2026-03-27T00:04:37.574] [INFO] default - server is running on 4545 🚀🚀🚀
[2026-03-27T00:04:40.555] [INFO] default - server is running on 4545 🚀🚀🚀
[2026-03-27T00:04:44.668] [INFO] default - Mongodb connected: ac-l0m6pej-shard-00-00.rauve6d.mongodb.net
[2026-03-27T00:04:51.121] [INFO] default - server is running on 4545 🚀🚀🚀
[2026-03-27T00:04:53.223] [INFO] default - Mongodb connected: ac-l0m6pej-shard-00-00.rauve6d.mongodb.net
[2026-03-27T00:04:55.166] [INFO] default - server is running on 4545 🚀🚀🚀
[2026-03-27T00:04:56.943] [INFO] default - server is running on 4545 🚀🚀🚀
[2026-03-27T00:04:59.018] [INFO] default - Mongodb connected: ac-l0m6pej-shard-00-00.rauve6d.mongodb.net
[2026-03-27T00:39:08.488] [INFO] default - server is running on 4545 🚀🚀🚀
[2026-03-27T00:39:15.455] [INFO] default - Mongodb connected: ac-l0m6pej-shard-00-00.rauve6d.mongodb.net
[2026-03-27T00:44:28.373] [INFO] default - server is running on 4545 🚀🚀🚀
[2026-03-27T00:44:37.754] [INFO] default - Mongodb connected: ac-l0m6pej-shard-00-00.rauve6d.mongodb.net
[2026-03-27T00:53:25.322] [INFO] default - server is running on 4545 🚀🚀🚀
[2026-03-27T00:53:30.168] [INFO] default - Mongodb connected: ac-l0m6pej-shard-00-00.rauve6d.mongodb.net
[2026-03-27T01:36:49.338] [INFO] default - server is running on 4545 🚀🚀🚀
[2026-03-27T01:36:55.185] [INFO] default - Mongodb connected: ac-l0m6pej-shard-00-00.rauve6d.mongodb.net
[2026-03-27T01:39:03.542] [INFO] default - server is running on 4545 🚀🚀🚀
[2026-03-27T01:39:07.885] [INFO] default - Mongodb connected: ac-l0m6pej-shard-00-00.rauve6d.mongodb.net
[2026-03-27T01:39:27.134] [INFO] default - server is running on 4545 🚀🚀🚀
[2026-03-27T01:39:31.914] [INFO] default - Mongodb connected: ac-l0m6pej-shard-00-00.rauve6d.mongodb.net
[2026-03-27T01:42:34.387] [INFO] default - server is running on 4545 🚀🚀🚀
[2026-03-27T01:42:38.755] [INFO] default - Mongodb connected: ac-l0m6pej-shard-00-00.rauve6d.mongodb.net
[2026-03-27T01:46:50.310] [INFO] default - server is running on 4545 🚀🚀🚀
[2026-03-27T01:46:56.643] [INFO] default - server is running on 4545 🚀🚀🚀
[2026-03-27T01:47:00.394] [INFO] default - server is running on 4545 🚀🚀🚀
[2026-03-27T01:47:05.149] [INFO] default - server is running on 4545 🚀🚀🚀
[2026-03-27T01:47:07.725] [INFO] default - server is running on 4545 🚀🚀🚀
[2026-03-27T01:47:09.964] [INFO] default - Mongodb connected: ac-l0m6pej-shard-00-00.rauve6d.mongodb.net
[2026-03-27T01:47:15.415] [INFO] default - server is running on 4545 🚀🚀🚀
[2026-03-27T01:47:19.773] [INFO] default - server is running on 4545 🚀🚀🚀
[2026-03-27T01:47:22.363] [INFO] default - Mongodb connected: ac-l0m6pej-shard-00-00.rauve6d.mongodb.net
[2026-03-27T01:49:02.005] [INFO] default - server is running on 4545 🚀🚀🚀
[2026-03-27T01:49:06.709] [INFO] default - Mongodb connected: ac-l0m6pej-shard-00-00.rauve6d.mongodb.net
[2026-03-27T01:50:38.141] [INFO] default - server is running on 4545 🚀🚀🚀
[2026-03-27T01:50:44.489] [INFO] default - server is running on 4545 🚀🚀🚀
[2026-03-27T01:50:49.459] [INFO] default - server is running on 4545 🚀🚀🚀
[2026-03-27T01:50:54.962] [INFO] default - server is running on 4545 🚀🚀🚀
[2026-03-27T01:50:57.705] [INFO] default - Mongodb connected: ac-l0m6pej-shard-00-00.rauve6d.mongodb.net
[2026-03-27T02:19:31.768] [INFO] default - server is running on 4545 🚀🚀🚀
[2026-03-27T02:19:38.716] [INFO] default - server is running on 4545 🚀🚀🚀
